0 info it worked if it ends with ok
1 verbose cli [ '/Users/artsy/.nvm/versions/node/v5.4.0/bin/node',
1 verbose cli   '/Users/artsy/.nvm/versions/node/v5.4.0/bin/npm',
1 verbose cli   'run',
1 verbose cli   'deploy' ]
2 info using npm@3.3.12
3 info using node@v5.4.0
4 verbose run-script [ 'predeploy', 'deploy', 'postdeploy' ]
5 info lifecycle juliacolavita.com@0.0.1-28~predeploy: juliacolavita.com@0.0.1-28
6 silly lifecycle juliacolavita.com@0.0.1-28~predeploy: no script for predeploy, continuing
7 info lifecycle juliacolavita.com@0.0.1-28~deploy: juliacolavita.com@0.0.1-28
8 verbose lifecycle juliacolavita.com@0.0.1-28~deploy: unsafe-perm in lifecycle true
9 verbose lifecycle juliacolavita.com@0.0.1-28~deploy: PATH: /Users/artsy/.nvm/versions/node/v5.4.0/lib/node_modules/npm/bin/node-gyp-bin:/Users/artsy/juliacolavita/node_modules/.bin:/usr/local/heroku/bin:/Users/artsy/.nvm/versions/node/v5.4.0/bin:/Users/artsy/.rvm/gems/ruby-2.0.0-p647/bin:/Users/artsy/.rvm/gems/ruby-2.0.0-p647@global/bin:/Users/artsy/.rvm/rubies/ruby-2.0.0-p647/bin:/usr/local/bin:/usr/local/sbin:~/bin:/usr/local/bin:/usr/bin:/bin:/usr/sbin:/sbin:/usr/local/bin:/usr/local/bin:/usr/bin:/bin:/usr/sbin:/sbin:/usr/local/go/bin:/Users/artsy/.rvm/bin:/Users/craigspaeth/adt-bundle-mac-x86_64-20130522/sdk/platform-tools/:/Users/artsy/.rvm/bin
10 verbose lifecycle juliacolavita.com@0.0.1-28~deploy: CWD: /Users/artsy/juliacolavita
11 silly lifecycle juliacolavita.com@0.0.1-28~deploy: Args: [ '-c',
11 silly lifecycle   'git add . && git commit -a -m \'deploying\'; git push origin master; git push https://git.heroku.com/juliacolavita.git' ]
12 silly lifecycle juliacolavita.com@0.0.1-28~deploy: Returned: code: 1  signal: null
13 info lifecycle juliacolavita.com@0.0.1-28~deploy: Failed to exec deploy script
14 verbose stack Error: juliacolavita.com@0.0.1-28 deploy: `git add . && git commit -a -m 'deploying'; git push origin master; git push https://git.heroku.com/juliacolavita.git`
14 verbose stack Exit status 1
14 verbose stack     at EventEmitter.<anonymous> (/Users/artsy/.nvm/versions/node/v5.4.0/lib/node_modules/npm/lib/utils/lifecycle.js:232:16)
14 verbose stack     at emitTwo (events.js:87:13)
14 verbose stack     at EventEmitter.emit (events.js:172:7)
14 verbose stack     at ChildProcess.<anonymous> (/Users/artsy/.nvm/versions/node/v5.4.0/lib/node_modules/npm/lib/utils/spawn.js:24:14)
14 verbose stack     at emitTwo (events.js:87:13)
14 verbose stack     at ChildProcess.emit (events.js:172:7)
14 verbose stack     at maybeClose (internal/child_process.js:821:16)
14 verbose stack     at Process.ChildProcess._handle.onexit (internal/child_process.js:211:5)
15 verbose pkgid juliacolavita.com@0.0.1-28
16 verbose cwd /Users/artsy/juliacolavita
17 error Darwin 15.0.0
18 error argv "/Users/artsy/.nvm/versions/node/v5.4.0/bin/node" "/Users/artsy/.nvm/versions/node/v5.4.0/bin/npm" "run" "deploy"
19 error node v5.4.0
20 error npm  v3.3.12
21 error code ELIFECYCLE
22 error juliacolavita.com@0.0.1-28 deploy: `git add . && git commit -a -m 'deploying'; git push origin master; git push https://git.heroku.com/juliacolavita.git`
22 error Exit status 1
23 error Failed at the juliacolavita.com@0.0.1-28 deploy script 'git add . && git commit -a -m 'deploying'; git push origin master; git push https://git.heroku.com/juliacolavita.git'.
23 error Make sure you have the latest version of node.js and npm installed.
23 error If you do, this is most likely a problem with the juliacolavita.com package,
23 error not with npm itself.
23 error Tell the author that this fails on your system:
23 error     git add . && git commit -a -m 'deploying'; git push origin master; git push https://git.heroku.com/juliacolavita.git
23 error You can get their info via:
23 error     npm owner ls juliacolavita.com
23 error There is likely additional logging output above.
24 verbose exit [ 1, true ]
